03:07:19: Creating resource group General
03:07:19: Creating resource group Internal
03:07:19: Creating resource group Autodetect
03:07:19: Registering ResourceManager for type Mesh
03:07:19: Registering ResourceManager for type Material
03:07:19: Registering ResourceManager for type Skeleton
03:07:19: XMLMeshSerializer reading mesh data from D:\Documents\DN\Archer\Archer_finalrig.mesh.xml...
03:07:19: Reading submeshes...
03:07:19: Reading geometry...
03:07:19: Geometry done...
03:07:19: Reading bone assignments...
03:07:19: Bone assignments done.
03:07:19: Reading geometry...
03:07:19: Geometry done...
03:07:19: Reading bone assignments...
03:07:19: Bone assignments done.
03:07:19: Reading geometry...
03:07:19: Geometry done...
03:07:19: Reading bone assignments...
03:07:19: Bone assignments done.
03:07:19: Reading geometry...
03:07:19: Geometry done...
03:07:19: Reading bone assignments...
03:07:19: Bone assignments done.
03:07:19: Reading geometry...
03:07:19: Geometry done...
03:07:19: Reading bone assignments...
03:07:19: Bone assignments done.
03:07:19: Reading geometry...
03:07:19: Geometry done...
03:07:19: Reading bone assignments...
03:07:19: Bone assignments done.
03:07:19: Reading geometry...
03:07:19: Geometry done...
03:07:19: Reading bone assignments...
03:07:19: Bone assignments done.
03:07:19: Submeshes done.
03:07:19: Skeleton: Loading Archer_finalrig.skeleton
03:07:19: OGRE EXCEPTION(6:FileNotFoundException): Cannot locate resource Archer_finalrig.skeleton in resource group General or any other group. in ResourceGroupManager::openResource at ..\..\..\..\OgreMain\src\OgreResourceGroupManager.cpp (line 753)
03:07:19: Unable to load skeleton Archer_finalrig.skeleton for Mesh conversion. This Mesh will not be animated. You can ignore this message if you are using an offline tool.
03:07:19: XMLMeshSerializer import successful.
03:07:19: Reorganising vertex buffers to automatic layout..
03:07:19: MeshSerializer writing mesh data to D:\Documents\DN\Archer\Archer_finalrig.mesh...
03:07:19: File header written.
03:07:19: Writing mesh data...
03:07:19: Writing submesh...
03:07:19: Exporting submesh texture aliases...
03:07:19: Submesh texture aliases exported.
03:07:19: Exporting dedicated geometry bone assignments...
03:07:19: Dedicated geometry bone assignments exported.
03:07:19: Submesh exported.
03:07:19: Writing submesh...
03:07:19: Exporting submesh texture aliases...
03:07:19: Submesh texture aliases exported.
03:07:19: Exporting dedicated geometry bone assignments...
03:07:19: Dedicated geometry bone assignments exported.
03:07:19: Submesh exported.
03:07:19: Writing submesh...
03:07:19: Exporting submesh texture aliases...
03:07:19: Submesh texture aliases exported.
03:07:19: Exporting dedicated geometry bone assignments...
03:07:19: Dedicated geometry bone assignments exported.
03:07:19: Submesh exported.
03:07:19: Writing submesh...
03:07:19: Exporting submesh texture aliases...
03:07:19: Submesh texture aliases exported.
03:07:19: Exporting dedicated geometry bone assignments...
03:07:19: Dedicated geometry bone assignments exported.
03:07:19: Submesh exported.
03:07:19: Writing submesh...
03:07:19: Exporting submesh texture aliases...
03:07:19: Submesh texture aliases exported.
03:07:19: Exporting dedicated geometry bone assignments...
03:07:19: Dedicated geometry bone assignments exported.
03:07:19: Submesh exported.
03:07:19: Writing submesh...
03:07:19: Exporting submesh texture aliases...
03:07:19: Submesh texture aliases exported.
03:07:19: Exporting dedicated geometry bone assignments...
03:07:19: Dedicated geometry bone assignments exported.
03:07:19: Submesh exported.
03:07:19: Writing submesh...
03:07:19: Exporting submesh texture aliases...
03:07:19: Submesh texture aliases exported.
03:07:19: Exporting dedicated geometry bone assignments...
03:07:19: Dedicated geometry bone assignments exported.
03:07:19: Submesh exported.
03:07:19: Exporting skeleton link...
03:07:19: Skeleton link exported.
03:07:19: Exporting bounds information....
03:07:19: Bounds information exported.
03:07:19: Exporting submesh name table...
03:07:19: Submesh name table exported.
03:07:19: Exporting edge lists...
03:07:19: Edge lists exported
03:07:19: Mesh data exported.
03:07:19: MeshSerializer export successful.
03:07:19: Unregistering ResourceManager for type Skeleton
03:07:19: Unregistering ResourceManager for type Material
03:07:19: Unregistering ResourceManager for type Mesh
